Added Component: Designator=C1(1206_Capacitor)
Added Component: Designator=D2(0805_LED)
Added Component: Designator=D3(0805_LED)
Added Component: Designator=J1(TE_1981568-1)
Added Component: Designator=R1(1206 Resistor)
Added Component: Designator=R2(1206 Resistor)
Added Component: Designator=U1(SOP65P640X120-20N)
Added Pin To Net: NetName=NetC1_1 Pin=C1-1
Added Pin To Net: NetName=GND Pin=C1-2
Added Pin To Net: NetName=GND Pin=D2-L_2
Added Pin To Net: NetName=PD1 Pin=D3-L_2
Added Pin To Net: NetName=NetD1_1 Pin=J1-1
Added Pin To Net: NetName=GND Pin=J1-5
Added Pin To Net: NetName=GND Pin=J1-SH1
Added Pin To Net: NetName=GND Pin=J1-SH2
Added Pin To Net: NetName=GND Pin=J1-SH3
Added Pin To Net: NetName=GND Pin=J1-SH4
Added Pin To Net: NetName=GND Pin=J1-SH5
Added Pin To Net: NetName=GND Pin=J1-SH6
Added Pin To Net: NetName=NetC1_1 Pin=U1-8
Added Pin To Net: NetName=VCC Pin=U1-9
Added Pin To Net: NetName=PD1 Pin=U1-18
Added Pin To Net: NetName=NetD2_L_1 Pin=D2-L_1
Added Pin To Net: NetName=NetD2_L_1 Pin=R1-1
Added Pin To Net: NetName=NetD2_L_1 Pin=R1-1
Added Net: Name=NetD2_L_1
Added Pin To Net: NetName=NetD3_L_1 Pin=D3-L_1
Added Pin To Net: NetName=NetD3_L_1 Pin=R2-1
Added Pin To Net: NetName=NetD3_L_1 Pin=R2-1
Added Net: Name=NetD3_L_1
Added Member To Class: ClassName=STM8_DevBoard Member=Component C1 1uF
Added Member To Class: ClassName=STM8_DevBoard Member=Component D2 Power LED
Added Member To Class: ClassName=STM8_DevBoard Member=Component D3 Debug LED
Added Member To Class: ClassName=STM8_DevBoard Member=Component J1 Micro USB
Added Member To Class: ClassName=STM8_DevBoard Member=Component R1 1K
Added Member To Class: ClassName=STM8_DevBoard Member=Component R2 1K
Added Member To Class: ClassName=STM8_DevBoard Member=Component U1 STM8S003F3P6TR
