Added Component: Designator=U1(SOP65P640X120-20N)
Added Pin To Net: NetName=PD4 Pin=U1-1
Added Pin To Net: NetName=PD5 Pin=U1-2
Added Pin To Net: NetName=PD6 Pin=U1-3
Added Pin To Net: NetName=NRST Pin=U1-4
Added Pin To Net: NetName=PA1 Pin=U1-5
Added Pin To Net: NetName=PA2 Pin=U1-6
Added Pin To Net: NetName=GND Pin=U1-7
Added Pin To Net: NetName=VCAP Pin=U1-8
Added Pin To Net: NetName=3V3 Pin=U1-9
Added Pin To Net: NetName=PA3 Pin=U1-10
Added Pin To Net: NetName=PB5 Pin=U1-11
Added Pin To Net: NetName=PB4 Pin=U1-12
Added Pin To Net: NetName=PC3 Pin=U1-13
Added Pin To Net: NetName=PC4 Pin=U1-14
Added Pin To Net: NetName=PC5 Pin=U1-15
Added Pin To Net: NetName=PC6 Pin=U1-16
Added Pin To Net: NetName=PC7 Pin=U1-17
Added Pin To Net: NetName=PD1 Pin=U1-18
Added Pin To Net: NetName=PD2 Pin=U1-19
Added Pin To Net: NetName=PD3 Pin=U1-20
Added Member To Class: ClassName=STM8_DevBoard Member=Component J1 1981568-1
Added Member To Class: ClassName=STM8_DevBoard Member=Component U1 STM8S003F3P6TR
Added Room: Name=STM8_DevBoard
