Remove Pin=B1-1 From Net=NRST
Remove Pin=L3-L_2 From Net=PB5
Remove Pin=P1-1 From Net=PA3
Remove Pin=P1-3 From Net=VCAP
Remove Pin=P1-5 From Net=PA2
Remove Pin=P1-6 From Net=PA1
Remove Pin=P1-7 From Net=NRST
Remove Pin=P1-8 From Net=PD6
Remove Pin=P1-9 From Net=PD5
Remove Pin=P1-10 From Net=PD4
Remove Pin=P2-1 From Net=PB5
Remove Pin=P2-2 From Net=PB4
Remove Pin=P2-3 From Net=PC3
Remove Pin=P2-4 From Net=PC4
Remove Pin=P2-5 From Net=PC5
Remove Pin=P2-6 From Net=PC6
Remove Pin=P2-7 From Net=PC7
Remove Pin=P2-8 From Net=PD1
Remove Pin=P2-9 From Net=PD2
Remove Pin=P2-10 From Net=PD3
Remove Pin=P3-2 From Net=PD1
Remove Pin=P3-4 From Net=NRST
Remove Pin=U1-1 From Net=PD4
Remove Pin=U1-2 From Net=PD5
Remove Pin=U1-3 From Net=PD6
Remove Pin=U1-4 From Net=NRST
Remove Pin=U1-5 From Net=PA1
Remove Pin=U1-6 From Net=PA2
Remove Pin=U1-10 From Net=PA3
Remove Pin=U1-11 From Net=PB5
Remove Pin=U1-12 From Net=PB4
Remove Pin=U1-13 From Net=PC3
Remove Pin=U1-14 From Net=PC4
Remove Pin=U1-15 From Net=PC5
Remove Pin=U1-16 From Net=PC6
Remove Pin=U1-17 From Net=PC7
Remove Pin=U1-18 From Net=PD1
Remove Pin=U1-19 From Net=PD2
Remove Pin=U1-20 From Net=PD3
